#! /usr/local/iverilog/bin/vvp
:ivl_version "11.0 (devel)" "(s20150603-642-g3bdb50da)";
:ivl_delay_selection "TYPICAL";
:vpi_time_precision + 0;
:vpi_module "system";
:vpi_module "vhdl_sys";
:vpi_module "vhdl_textio";
:vpi_module "v2005_math";
:vpi_module "va_math";
S_00000000009a9c40 .scope module, "gates" "gates" 2 1;
 .timescale 0 0;
L_0000000000876dc0 .functor NOT 1, v00000000009a98d0_0, C4<0>, C4<0>, C4<0>;
L_00000000009a9970 .functor NOT 1, v00000000009ab370_0, C4<0>, C4<0>, C4<0>;
L_00000000008bb850 .functor NOT 1, v00000000009ab410_0, C4<0>, C4<0>, C4<0>;
L_00000000008bb8c0 .functor OR 1, v00000000009a98d0_0, v00000000009ab370_0, L_00000000008bb850, C4<0>;
L_00000000008bb930 .functor OR 1, v00000000009a98d0_0, L_00000000009a9970, L_00000000008bb850, C4<0>;
L_00000000008bb9a0 .functor OR 1, L_0000000000876dc0, L_00000000009a9970, v00000000009ab410_0, C4<0>;
L_00000000008bba10 .functor AND 1, L_00000000008bb8c0, L_00000000008bb930, L_00000000008bb9a0, C4<1>;
v00000000009a98d0_0 .var "A", 0 0;
v00000000009ab370_0 .var "B", 0 0;
v00000000009ab410_0 .var "C", 0 0;
v00000000009ab4b0_0 .net "OUT", 0 0, L_00000000008bba10;  1 drivers
v00000000009a6b70_0 .net "w1", 0 0, L_0000000000876dc0;  1 drivers
v00000000009a6c10_0 .net "w2", 0 0, L_00000000009a9970;  1 drivers
v00000000009a6cb0_0 .net "w3", 0 0, L_00000000008bb850;  1 drivers
v00000000009a6d50_0 .net "w4", 0 0, L_00000000008bb8c0;  1 drivers
v00000000009a6df0_0 .net "w5", 0 0, L_00000000008bb930;  1 drivers
v00000000009a6e90_0 .net "w6", 0 0, L_00000000008bb9a0;  1 drivers
    .scope S_00000000009a9c40;
T_0 ;
    %vpi_call 2 13 "$display", "A B C | Y" {0 0 0};
    %vpi_call 2 14 "$display", "--------" {0 0 0};
    %vpi_call 2 15 "$monitor", "%b %b %b| %b", v00000000009a98d0_0, v00000000009ab370_0, v00000000009ab410_0, v00000000009ab4b0_0 {0 0 0};
    %pushi/vec4 0, 0, 1;
    %store/vec4 v00000000009a98d0_0, 0, 1;
    %pushi/vec4 0, 0, 1;
    %store/vec4 v00000000009ab370_0, 0, 1;
    %pushi/vec4 0, 0, 1;
    %store/vec4 v00000000009ab410_0, 0, 1;
    %delay 1, 0;
    %pushi/vec4 1, 0, 1;
    %store/vec4 v00000000009ab410_0, 0, 1;
    %delay 1, 0;
    %pushi/vec4 1, 0, 1;
    %store/vec4 v00000000009ab370_0, 0, 1;
    %pushi/vec4 0, 0, 1;
    %store/vec4 v00000000009ab410_0, 0, 1;
    %delay 1, 0;
    %pushi/vec4 1, 0, 1;
    %store/vec4 v00000000009ab410_0, 0, 1;
    %delay 1, 0;
    %pushi/vec4 1, 0, 1;
    %store/vec4 v00000000009a98d0_0, 0, 1;
    %pushi/vec4 0, 0, 1;
    %store/vec4 v00000000009ab370_0, 0, 1;
    %pushi/vec4 0, 0, 1;
    %store/vec4 v00000000009ab410_0, 0, 1;
    %delay 1, 0;
    %pushi/vec4 1, 0, 1;
    %store/vec4 v00000000009ab410_0, 0, 1;
    %delay 1, 0;
    %pushi/vec4 1, 0, 1;
    %store/vec4 v00000000009ab370_0, 0, 1;
    %pushi/vec4 0, 0, 1;
    %store/vec4 v00000000009ab410_0, 0, 1;
    %delay 1, 0;
    %pushi/vec4 1, 0, 1;
    %store/vec4 v00000000009ab410_0, 0, 1;
    %delay 1, 0;
    %vpi_call 2 24 "$finish" {0 0 0};
    %end;
    .thread T_0;
    .scope S_00000000009a9c40;
T_1 ;
    %vpi_call 2 29 "$dumpfile", "TABLA1POS_tb.vcd" {0 0 0};
    %vpi_call 2 30 "$dumpvars", 32'sb00000000000000000000000000000000, S_00000000009a9c40 {0 0 0};
    %end;
    .thread T_1;
# The file index is used to find the file name in the following table.
:file_names 3;
    "N/A";
    "<interactive>";
    "TABLA1POS.v";
